<?xml version="1.0" encoding="UTF-8"?>
<!-- Generated by org.testng.reporters.JUnitReportReporter -->
<testsuite hostname="LAPTOP-177JRGI0" failures="0" tests="2" name="maven.demo.SeleniumTest" time="0.000" errors="0" timestamp="2022-08-24T11:41:44 IST" skipped="0">
  <testcase classname="maven.demo.SeleniumTest" name="browserAutomation" time="0.000"/>
  <system-out/>
  <testcase classname="maven.demo.SeleniumTest" name="elementsUi" time="0.000"/>
  <system-out/>
</testsuite> <!-- maven.demo.SeleniumTest -->
