<?xml version="1.0" encoding="UTF-8"?>
<!-- Generated by org.testng.reporters.JUnitReportReporter -->
<testsuite hostname="LAPTOP-177JRGI0" failures="0" tests="2" name="maven.demo.AppiumTest" time="0.014" errors="0" timestamp="2022-08-24T11:41:44 IST" skipped="0">
  <testcase classname="maven.demo.AppiumTest" name="iosAppAndroid" time="0.013"/>
  <system-out/>
  <testcase classname="maven.demo.AppiumTest" name="nativeApp" time="0.001"/>
  <system-out/>
</testsuite> <!-- maven.demo.AppiumTest -->
